<?xml version="1.0" encoding="UTF-8"?>
<testng-results ignored="0" total="1" passed="1" failed="0" skipped="0">
  <reporter-output>
  </reporter-output>
  <suite started-at="2024-09-21T16:26:51 GST" name="Default suite" finished-at="2024-09-21T16:26:54 GST" duration-ms="2286">
    <groups>
    </groups>
    <test started-at="2024-09-21T16:26:51 GST" name="Default test" finished-at="2024-09-21T16:26:54 GST" duration-ms="2286">
      <class name="schemavalidation.jsonschemavalidation">
        <test-method signature="Method1()[pri:0, instance:schemavalidation.jsonschemavalidation@2d7275fc]" started-at="2024-09-21T16:26:51 GST" name="Method1" finished-at="2024-09-21T16:26:54 GST" duration-ms="2243" status="PASS">
          <reporter-output>
          </reporter-output>
        </test-method> <!-- Method1 -->
      </class> <!-- schemavalidation.jsonschemavalidation -->
    </test> <!-- Default test -->
  </suite> <!-- Default suite -->
</testng-results>
